<?xml version="1.0" encoding="UTF-8"?>
<!-- Generated by org.testng.reporters.JUnitXMLReporter -->
<testsuite ignored="0" hostname="R90RNYTD" failures="0" tests="6" name="Default test" time="0.064" errors="0" timestamp="2022-08-31T16:53:47 CDT">
  <testcase classname="testSuite.Module1" name="testcase01" time="0.012"/>
  <testcase classname="testSuite.Module1" name="testcase02" time="0.001"/>
  <testcase classname="testSuite.Module1" name="testcase03" time="0.002"/>
  <testcase classname="testSuite.Module2" name="testcase01" time="0.001"/>
  <testcase classname="testSuite.Module2" name="testcase02" time="0.001"/>
  <testcase classname="testSuite.Module2" name="testcase03" time="0.001"/>
</testsuite> <!-- Default test -->
