<?xml version="1.0" encoding="UTF-8"?>
<!-- Generated by org.testng.reporters.JUnitXMLReporter -->
<testsuite ignored="0" hostname="R90RNYTD" failures="0" tests="6" name="Test01" time="0.009" errors="0" timestamp="2022-08-31T16:36:21 CDT">
  <testcase classname="testSuite.Module1" name="testcase01" time="0.0"/>
  <testcase classname="testSuite.Module1" name="testcase02" time="0.0"/>
  <testcase classname="testSuite.Module1" name="testcase03" time="0.0"/>
  <testcase classname="testSuite.Module2" name="testcase01" time="0.001"/>
  <testcase classname="testSuite.Module2" name="testcase02" time="0.0"/>
  <testcase classname="testSuite.Module2" name="testcase03" time="0.001"/>
</testsuite> <!-- Test01 -->
