<?xml version="1.0" encoding="UTF-8"?>
<testng-results ignored="1" total="12" passed="11" failed="0" skipped="0">
  <reporter-output>
  </reporter-output>
  <suite started-at="2022-08-31T16:51:18 CDT" name="Suite02" finished-at="2022-08-31T16:51:18 CDT" duration-ms="9">
    <groups>
    </groups>
    <test started-at="2022-08-31T16:51:18 CDT" name="Test01" finished-at="2022-08-31T16:51:18 CDT" duration-ms="9">
      <class name="testSuite.Module1">
        <test-method signature="testcase02()[pri:0, instance:testSuite.Module1@1ab3a8c8]" started-at="2022-08-31T16:51:18 CDT" name="testcase02" finished-at="2022-08-31T16:51:18 CDT" duration-ms="1" status="PASS">
          <reporter-output>
          </reporter-output>
        </test-method> <!-- testcase02 -->
        <test-method signature="testcase03()[pri:0, instance:testSuite.Module1@1ab3a8c8]" started-at="2022-08-31T16:51:18 CDT" name="testcase03" finished-at="2022-08-31T16:51:18 CDT" duration-ms="1" status="PASS">
          <reporter-output>
          </reporter-output>
        </test-method> <!-- testcase03 -->
      </class> <!-- testSuite.Module1 -->
      <class name="testSuite.Module2">
        <test-method signature="testcase01()[pri:0, instance:testSuite.Module2@43195e57]" started-at="2022-08-31T16:51:18 CDT" name="testcase01" finished-at="2022-08-31T16:51:18 CDT" duration-ms="1" status="PASS">
          <reporter-output>
          </reporter-output>
        </test-method> <!-- testcase01 -->
        <test-method signature="testcase02()[pri:0, instance:testSuite.Module2@43195e57]" started-at="2022-08-31T16:51:18 CDT" name="testcase02" finished-at="2022-08-31T16:51:18 CDT" duration-ms="1" status="PASS">
          <reporter-output>
          </reporter-output>
        </test-method> <!-- testcase02 -->
        <test-method signature="testcase03()[pri:0, instance:testSuite.Module2@43195e57]" started-at="2022-08-31T16:51:18 CDT" name="testcase03" finished-at="2022-08-31T16:51:18 CDT" duration-ms="0" status="PASS">
          <reporter-output>
          </reporter-output>
        </test-method> <!-- testcase03 -->
      </class> <!-- testSuite.Module2 -->
    </test> <!-- Test01 -->
  </suite> <!-- Suite02 -->
  <suite started-at="2022-08-31T16:51:18 CDT" name="Suite01" finished-at="2022-08-31T16:51:18 CDT" duration-ms="64">
    <groups>
    </groups>
    <test started-at="2022-08-31T16:51:18 CDT" name="Test01" finished-at="2022-08-31T16:51:18 CDT" duration-ms="64">
      <class name="testSuite.Module1">
        <test-method signature="testcase01()[pri:0, instance:testSuite.Module1@5a63f509]" started-at="2022-08-31T16:51:18 CDT" name="testcase01" finished-at="2022-08-31T16:51:18 CDT" duration-ms="7" status="PASS">
          <reporter-output>
          </reporter-output>
        </test-method> <!-- testcase01 -->
        <test-method signature="testcase02()[pri:0, instance:testSuite.Module1@5a63f509]" started-at="2022-08-31T16:51:18 CDT" name="testcase02" finished-at="2022-08-31T16:51:18 CDT" duration-ms="2" status="PASS">
          <reporter-output>
          </reporter-output>
        </test-method> <!-- testcase02 -->
        <test-method signature="testcase03()[pri:0, instance:testSuite.Module1@5a63f509]" started-at="2022-08-31T16:51:18 CDT" name="testcase03" finished-at="2022-08-31T16:51:18 CDT" duration-ms="1" status="PASS">
          <reporter-output>
          </reporter-output>
        </test-method> <!-- testcase03 -->
      </class> <!-- testSuite.Module1 -->
      <class name="testSuite.Module2">
        <test-method signature="testcase01()[pri:0, instance:testSuite.Module2@a9cd3b1]" started-at="2022-08-31T16:51:18 CDT" name="testcase01" finished-at="2022-08-31T16:51:18 CDT" duration-ms="1" status="PASS">
          <reporter-output>
          </reporter-output>
        </test-method> <!-- testcase01 -->
        <test-method signature="testcase02()[pri:0, instance:testSuite.Module2@a9cd3b1]" started-at="2022-08-31T16:51:18 CDT" name="testcase02" finished-at="2022-08-31T16:51:18 CDT" duration-ms="0" status="PASS">
          <reporter-output>
          </reporter-output>
        </test-method> <!-- testcase02 -->
        <test-method signature="testcase03()[pri:0, instance:testSuite.Module2@a9cd3b1]" started-at="2022-08-31T16:51:18 CDT" name="testcase03" finished-at="2022-08-31T16:51:18 CDT" duration-ms="1" status="PASS">
          <reporter-output>
          </reporter-output>
        </test-method> <!-- testcase03 -->
      </class> <!-- testSuite.Module2 -->
    </test> <!-- Test01 -->
  </suite> <!-- Suite01 -->
</testng-results>
