<?xml version="1.0" encoding="UTF-8"?>
<testng-results ignored="0" total="6" passed="6" failed="0" skipped="0">
  <reporter-output>
  </reporter-output>
  <suite started-at="2022-08-31T16:53:47 CDT" name="Default suite" finished-at="2022-08-31T16:53:47 CDT" duration-ms="64">
    <groups>
    </groups>
    <test started-at="2022-08-31T16:53:47 CDT" name="Default test" finished-at="2022-08-31T16:53:47 CDT" duration-ms="64">
      <class name="testSuite.Module1">
        <test-method signature="testcase01()[pri:0, instance:testSuite.Module1@50b472aa]" started-at="2022-08-31T16:53:47 CDT" name="testcase01" finished-at="2022-08-31T16:53:47 CDT" duration-ms="12" status="PASS">
          <reporter-output>
          </reporter-output>
        </test-method> <!-- testcase01 -->
        <test-method signature="testcase02()[pri:0, instance:testSuite.Module1@50b472aa]" started-at="2022-08-31T16:53:47 CDT" name="testcase02" finished-at="2022-08-31T16:53:47 CDT" duration-ms="1" status="PASS">
          <reporter-output>
          </reporter-output>
        </test-method> <!-- testcase02 -->
        <test-method signature="testcase03()[pri:0, instance:testSuite.Module1@50b472aa]" started-at="2022-08-31T16:53:47 CDT" name="testcase03" finished-at="2022-08-31T16:53:47 CDT" duration-ms="2" status="PASS">
          <reporter-output>
          </reporter-output>
        </test-method> <!-- testcase03 -->
      </class> <!-- testSuite.Module1 -->
      <class name="testSuite.Module2">
        <test-method signature="testcase01()[pri:0, instance:testSuite.Module2@4f209819]" started-at="2022-08-31T16:53:47 CDT" name="testcase01" finished-at="2022-08-31T16:53:47 CDT" duration-ms="1" status="PASS">
          <reporter-output>
          </reporter-output>
        </test-method> <!-- testcase01 -->
        <test-method signature="testcase02()[pri:0, instance:testSuite.Module2@4f209819]" started-at="2022-08-31T16:53:47 CDT" name="testcase02" finished-at="2022-08-31T16:53:47 CDT" duration-ms="1" status="PASS">
          <reporter-output>
          </reporter-output>
        </test-method> <!-- testcase02 -->
        <test-method signature="testcase03()[pri:0, instance:testSuite.Module2@4f209819]" started-at="2022-08-31T16:53:47 CDT" name="testcase03" finished-at="2022-08-31T16:53:47 CDT" duration-ms="1" status="PASS">
          <reporter-output>
          </reporter-output>
        </test-method> <!-- testcase03 -->
      </class> <!-- testSuite.Module2 -->
    </test> <!-- Default test -->
  </suite> <!-- Default suite -->
</testng-results>
