<?xml version="1.0" encoding="UTF-8"?>
<!-- Generated by org.testng.reporters.JUnitReportReporter -->
<testsuite hostname="R90RNYTD" failures="0" tests="3" name="testSuite.Module1" time="0.015" errors="0" timestamp="2022-08-31T16:53:48 CDT" skipped="0">
  <testcase classname="testSuite.Module1" name="testcase02" time="0.001"/>
  <system-out/>
  <testcase classname="testSuite.Module1" name="testcase03" time="0.002"/>
  <system-out/>
  <testcase classname="testSuite.Module1" name="testcase01" time="0.012"/>
  <system-out/>
</testsuite> <!-- testSuite.Module1 -->
